<?xml version="1.0" encoding="UTF-8"?>
<testng-results skipped="0" failed="1" ignored="0" total="7" passed="6">
  <reporter-output>
  </reporter-output>
  <suite name="Suite" duration-ms="23003" started-at="2018-07-29T12:55:57Z" finished-at="2018-07-29T12:56:20Z">
    <groups>
      <group name="Sanity">
        <method signature="verifyLeads.verifyLeadCreation()[pri:0, instance:com.vtiger.tests.verifyLeads@c4c815]" name="verifyLeadCreation" class="com.vtiger.tests.verifyLeads"/>
        <method signature="LoginPageValidation.verifyTitle()[pri:0, instance:com.vtiger.tests.LoginPageValidation@f4468b]" name="verifyTitle" class="com.vtiger.tests.LoginPageValidation"/>
        <method signature="LoginPageValidation.verifyinvalidLogin()[pri:0, instance:com.vtiger.tests.LoginPageValidation@f4468b]" name="verifyinvalidLogin" class="com.vtiger.tests.LoginPageValidation"/>
        <method signature="LoginPageValidation.verifylogo()[pri:0, instance:com.vtiger.tests.LoginPageValidation@f4468b]" name="verifylogo" class="com.vtiger.tests.LoginPageValidation"/>
        <method signature="LoginPageValidation.verifyvalidLogin()[pri:0, instance:com.vtiger.tests.LoginPageValidation@f4468b]" name="verifyvalidLogin" class="com.vtiger.tests.LoginPageValidation"/>
      </group> <!-- Sanity -->
      <group name="Smoke">
        <method signature="LoginPageValidation.verifyTitle()[pri:0, instance:com.vtiger.tests.LoginPageValidation@f4468b]" name="verifyTitle" class="com.vtiger.tests.LoginPageValidation"/>
        <method signature="LoginPageValidation.verifylogo()[pri:0, instance:com.vtiger.tests.LoginPageValidation@f4468b]" name="verifylogo" class="com.vtiger.tests.LoginPageValidation"/>
        <method signature="LoginPageValidation.verifyvalidLogin()[pri:0, instance:com.vtiger.tests.LoginPageValidation@f4468b]" name="verifyvalidLogin" class="com.vtiger.tests.LoginPageValidation"/>
      </group> <!-- Smoke -->
    </groups>
    <test name="Test" duration-ms="23003" started-at="2018-07-29T12:55:57Z" finished-at="2018-07-29T12:56:20Z">
      <class name="com.vtiger.tests.LoginPageValidation">
        <test-method status="PASS" signature="LauchApp()[pri:0, instance:com.vtiger.tests.LoginPageValidation@f4468b]" name="LauchApp" is-config="true" duration-ms="5310" started-at="2018-07-29T18:25:57Z" finished-at="2018-07-29T18:26:02Z">
          <reporter-output>
          </reporter-output>
        </test-method> <!-- LauchApp -->
        <test-method status="PASS" signature="verifyTitle()[pri:0, instance:com.vtiger.tests.LoginPageValidation@f4468b]" name="verifyTitle" duration-ms="72" started-at="2018-07-29T18:26:02Z" finished-at="2018-07-29T18:26:02Z">
          <reporter-output>
          </reporter-output>
        </test-method> <!-- verifyTitle -->
        <test-method status="PASS" signature="verifyinvalidLogin()[pri:0, instance:com.vtiger.tests.LoginPageValidation@f4468b]" name="verifyinvalidLogin" duration-ms="1186" started-at="2018-07-29T18:26:02Z" finished-at="2018-07-29T18:26:03Z">
          <reporter-output>
          </reporter-output>
        </test-method> <!-- verifyinvalidLogin -->
        <test-method status="PASS" signature="verifylogo()[pri:0, instance:com.vtiger.tests.LoginPageValidation@f4468b]" name="verifylogo" duration-ms="67" started-at="2018-07-29T18:26:03Z" finished-at="2018-07-29T18:26:03Z">
          <reporter-output>
          </reporter-output>
        </test-method> <!-- verifylogo -->
        <test-method status="PASS" signature="verifyvalidLogin()[pri:0, instance:com.vtiger.tests.LoginPageValidation@f4468b]" name="verifyvalidLogin" duration-ms="2728" started-at="2018-07-29T18:26:03Z" finished-at="2018-07-29T18:26:06Z">
          <reporter-output>
          </reporter-output>
        </test-method> <!-- verifyvalidLogin -->
        <test-method status="PASS" signature="CloseApp()[pri:0, instance:com.vtiger.tests.LoginPageValidation@f4468b]" name="CloseApp" is-config="true" duration-ms="687" started-at="2018-07-29T18:26:06Z" finished-at="2018-07-29T18:26:07Z">
          <reporter-output>
          </reporter-output>
        </test-method> <!-- CloseApp -->
      </class> <!-- com.vtiger.tests.LoginPageValidation -->
      <class name="com.vtiger.tests.verifyLeads">
        <test-method status="PASS" signature="LauchApp()[pri:0, instance:com.vtiger.tests.verifyLeads@c4c815]" name="LauchApp" is-config="true" duration-ms="4409" started-at="2018-07-29T18:26:07Z" finished-at="2018-07-29T18:26:11Z">
          <reporter-output>
          </reporter-output>
        </test-method> <!-- LauchApp -->
        <test-method status="PASS" signature="verifyLeadCreation()[pri:0, instance:com.vtiger.tests.verifyLeads@c4c815]" name="verifyLeadCreation" duration-ms="5769" started-at="2018-07-29T18:26:11Z" finished-at="2018-07-29T18:26:17Z">
          <reporter-output>
          </reporter-output>
        </test-method> <!-- verifyLeadCreation -->
        <test-method status="PASS" signature="test1()[pri:0, instance:com.vtiger.tests.verifyLeads@c4c815]" name="test1" duration-ms="2" started-at="2018-07-29T18:26:17Z" finished-at="2018-07-29T18:26:17Z">
          <reporter-output>
          </reporter-output>
        </test-method> <!-- test1 -->
        <test-method status="FAIL" signature="verifyLeadMandatoryFields()[pri:0, instance:com.vtiger.tests.verifyLeads@c4c815]" name="verifyLeadMandatoryFields" duration-ms="2072" started-at="2018-07-29T18:26:17Z" depends-on-methods="com.vtiger.tests.verifyLeads.verifyLeadCreation" finished-at="2018-07-29T18:26:19Z">
          <exception class="org.openqa.selenium.NoSuchElementException">
            <message>
              <![CDATA[no such element: Unable to locate element: {"method":"link text","selector":"New LLead"}
  (Session info: chrome=67.0.3396.99)
  (Driver info: chromedriver=2.36.540470 (e522d04694c7ebea4ba8821272dbef4f9b818c91),platform=Windows NT 6.1.7601 SP1 x86_64) (WARNING: The server did not provide any stacktrace information)
Command duration or timeout: 0 milliseconds
For documentation on this error, please visit: http://seleniumhq.org/exceptions/no_such_element.html
Build info: version: '3.6.0', revision: '6fbf3ec767', time: '2017-09-27T16:15:40.131Z'
System info: host: 'RAJESH-PC', ip: '192.168.1.101', os.name: 'Windows 7', os.arch: 'x86', os.version: '6.1', java.version: '1.8.0_131'
Driver info: org.openqa.selenium.chrome.ChromeDriver
Capabilities [{mobileEmulationEnabled=false, hasTouchScreen=false, platform=XP, acceptSslCerts=false, acceptInsecureCerts=false, webStorageEnabled=true, browserName=chrome, takesScreenshot=true, javascriptEnabled=true, platformName=XP, setWindowRect=true, unexpectedAlertBehaviour=, applicationCacheEnabled=false, rotatable=false, networkConnectionEnabled=false, chrome={chromedriverVersion=2.36.540470 (e522d04694c7ebea4ba8821272dbef4f9b818c91), userDataDir=C:\Users\RAJESH\AppData\Local\Temp\scoped_dir11520_24744}, takesHeapSnapshot=true, pageLoadStrategy=normal, unhandledPromptBehavior=, databaseEnabled=false, handlesAlerts=true, version=67.0.3396.99, browserConnectionEnabled=false, nativeEvents=true, locationContextEnabled=true, cssSelectorsEnabled=true}]
Session ID: 2e233c48e848fea39ed733bd65616a8d
*** Element info: {Using=link text, value=New LLead}]]>
            </message>
            <full-stacktrace>
              <![CDATA[org.openqa.selenium.NoSuchElementException: no such element: Unable to locate element: {"method":"link text","selector":"New LLead"}
  (Session info: chrome=67.0.3396.99)
  (Driver info: chromedriver=2.36.540470 (e522d04694c7ebea4ba8821272dbef4f9b818c91),platform=Windows NT 6.1.7601 SP1 x86_64) (WARNING: The server did not provide any stacktrace information)
Command duration or timeout: 0 milliseconds
For documentation on this error, please visit: http://seleniumhq.org/exceptions/no_such_element.html
Build info: version: '3.6.0', revision: '6fbf3ec767', time: '2017-09-27T16:15:40.131Z'
System info: host: 'RAJESH-PC', ip: '192.168.1.101', os.name: 'Windows 7', os.arch: 'x86', os.version: '6.1', java.version: '1.8.0_131'
Driver info: org.openqa.selenium.chrome.ChromeDriver
Capabilities [{mobileEmulationEnabled=false, hasTouchScreen=false, platform=XP, acceptSslCerts=false, acceptInsecureCerts=false, webStorageEnabled=true, browserName=chrome, takesScreenshot=true, javascriptEnabled=true, platformName=XP, setWindowRect=true, unexpectedAlertBehaviour=, applicationCacheEnabled=false, rotatable=false, networkConnectionEnabled=false, chrome={chromedriverVersion=2.36.540470 (e522d04694c7ebea4ba8821272dbef4f9b818c91), userDataDir=C:\Users\RAJESH\AppData\Local\Temp\scoped_dir11520_24744}, takesHeapSnapshot=true, pageLoadStrategy=normal, unhandledPromptBehavior=, databaseEnabled=false, handlesAlerts=true, version=67.0.3396.99, browserConnectionEnabled=false, nativeEvents=true, locationContextEnabled=true, cssSelectorsEnabled=true}]
Session ID: 2e233c48e848fea39ed733bd65616a8d
*** Element info: {Using=link text, value=New LLead}
	at sun.reflect.NativeConstructorAccessorImpl.newInstance0(Native Method)
	at sun.reflect.NativeConstructorAccessorImpl.newInstance(Unknown Source)
	at sun.reflect.DelegatingConstructorAccessorImpl.newInstance(Unknown Source)
	at java.lang.reflect.Constructor.newInstance(Unknown Source)
	at org.openqa.selenium.remote.ErrorHandler.createThrowable(ErrorHandler.java:214)
	at org.openqa.selenium.remote.ErrorHandler.throwIfResponseFailed(ErrorHandler.java:166)
	at org.openqa.selenium.remote.http.JsonHttpResponseCodec.reconstructValue(JsonHttpResponseCodec.java:40)
	at org.openqa.selenium.remote.http.AbstractHttpResponseCodec.decode(AbstractHttpResponseCodec.java:82)
	at org.openqa.selenium.remote.http.AbstractHttpResponseCodec.decode(AbstractHttpResponseCodec.java:45)
	at org.openqa.selenium.remote.HttpCommandExecutor.execute(HttpCommandExecutor.java:164)
	at org.openqa.selenium.remote.service.DriverCommandExecutor.execute(DriverCommandExecutor.java:83)
	at org.openqa.selenium.remote.RemoteWebDriver.execute(RemoteWebDriver.java:586)
	at org.openqa.selenium.remote.RemoteWebDriver.findElement(RemoteWebDriver.java:356)
	at org.openqa.selenium.remote.RemoteWebDriver.findElementByLinkText(RemoteWebDriver.java:410)
	at org.openqa.selenium.By$ByLinkText.findElement(By.java:246)
	at org.openqa.selenium.remote.RemoteWebDriver.findElement(RemoteWebDriver.java:348)
	at com.vtiger.pages.headerPage.clickOnNewLead(headerPage.java:33)
	at com.vtiger.tests.verifyLeads.verifyLeadMandatoryFields(verifyLeads.java:100)
	at sun.reflect.NativeMethodAccessorImpl.invoke0(Native Method)
	at sun.reflect.NativeMethodAccessorImpl.invoke(Unknown Source)
	at sun.reflect.DelegatingMethodAccessorImpl.invoke(Unknown Source)
	at java.lang.reflect.Method.invoke(Unknown Source)
	at org.testng.internal.MethodInvocationHelper.invokeMethod(MethodInvocationHelper.java:108)
	at org.testng.internal.Invoker.invokeMethod(Invoker.java:669)
	at org.testng.internal.Invoker.invokeTestMethod(Invoker.java:877)
	at org.testng.internal.Invoker.invokeTestMethods(Invoker.java:1201)
	at org.testng.internal.TestMethodWorker.invokeTestMethods(TestMethodWorker.java:125)
	at org.testng.internal.TestMethodWorker.run(TestMethodWorker.java:109)
	at org.testng.TestRunner.privateRun(TestRunner.java:776)
	at org.testng.TestRunner.run(TestRunner.java:634)
	at org.testng.SuiteRunner.runTest(SuiteRunner.java:425)
	at org.testng.SuiteRunner.runSequentially(SuiteRunner.java:420)
	at org.testng.SuiteRunner.privateRun(SuiteRunner.java:385)
	at org.testng.SuiteRunner.run(SuiteRunner.java:334)
	at org.testng.SuiteRunnerWorker.runSuite(SuiteRunnerWorker.java:52)
	at org.testng.SuiteRunnerWorker.run(SuiteRunnerWorker.java:86)
	at org.testng.TestNG.runSuitesSequentially(TestNG.java:1318)
	at org.testng.TestNG.runSuitesLocally(TestNG.java:1243)
	at org.testng.TestNG.runSuites(TestNG.java:1161)
	at org.testng.TestNG.run(TestNG.java:1129)
	at org.testng.remote.AbstractRemoteTestNG.run(AbstractRemoteTestNG.java:114)
	at org.testng.remote.RemoteTestNG.initAndRun(RemoteTestNG.java:251)
	at org.testng.remote.RemoteTestNG.main(RemoteTestNG.java:77)
]]>
            </full-stacktrace>
          </exception> <!-- org.openqa.selenium.NoSuchElementException -->
          <reporter-output>
          </reporter-output>
        </test-method> <!-- verifyLeadMandatoryFields -->
        <test-method status="PASS" signature="CloseApp()[pri:0, instance:com.vtiger.tests.verifyLeads@c4c815]" name="CloseApp" is-config="true" duration-ms="655" started-at="2018-07-29T18:26:19Z" finished-at="2018-07-29T18:26:20Z">
          <reporter-output>
          </reporter-output>
        </test-method> <!-- CloseApp -->
      </class> <!-- com.vtiger.tests.verifyLeads -->
    </test> <!-- Test -->
  </suite> <!-- Suite -->
</testng-results>
